<?xml version="1.0" encoding="UTF-8"?>
<testsuite name="hello.core.member.MemberServiceTest" tests="1" skipped="0" failures="0" errors="0" timestamp="2022-03-14T14:41:57" hostname="imsuyun-ui-MacBookPro.local" time="0.038">
  <properties/>
  <testcase name="join()" classname="hello.core.member.MemberServiceTest" time="0.038"/>
  <system-out><![CDATA[]]></system-out>
  <system-err><![CDATA[]]></system-err>
</testsuite>
